{
  "stats": {
    "suites": 1,
    "tests": 3,
    "passes": 3,
    "pending": 0,
    "failures": 0,
    "start": "2024-09-14T08:03:17.512Z",
    "end": "2024-09-14T08:03:30.716Z",
    "duration": 13204,
    "testsRegistered": 3,
    "passPercent": 100,
    "pendingPercent": 0,
    "other": 0,
    "hasOther": false,
    "skipped": 0,
    "hasSkipped": false
  },
  "results": [
    {
      "uuid": "f273f45d-849a-4c27-8b2c-cd84424b5f4e",
      "title": "",
      "fullFile": "cypress/e2e/upload.cy.js",
      "file": "cypress/e2e/upload.cy.js",
      "beforeHooks": [],
      "afterHooks": [],
      "tests": [],
      "suites": [
        {
          "uuid": "2dd47ffe-878a-4551-a96c-7aee4fc2cd0d",
          "title": "Upload",
          "fullFile": "",
          "file": "",
          "beforeHooks": [],
          "afterHooks": [],
          "tests": [
            {
              "title": "Verify that user can upload files",
              "fullTitle": "Upload Verify that user can upload files",
              "timedOut": null,
              "duration": 1935,
              "state": "passed",
              "speed": "fast",
              "pass": true,
              "fail": false,
              "pending": false,
              "context": null,
              "code": "cy.visit('/');\ncy.get('.nav-toggle > :nth-child(1)').click();\ncy.get('[data-testid=\"navbar-practice\"]').click();\ncy.get('[data-testid=\"practice-file-upload\"]').click();\ncy.get('input[type=file]').selectFile(\"cypress/fixtures/bio.txt\");\ncy.get('button[type=submit]').click();\ncy.on(\"window:alert\", message => {\n  expect(message).to.equal(\"File successfully uploaded!\");\n});",
              "err": {},
              "uuid": "f80fc83e-360b-4755-a605-7d843500a6dd",
              "parentUUID": "2dd47ffe-878a-4551-a96c-7aee4fc2cd0d",
              "isHook": false,
              "skipped": false
            },
            {
              "title": "Verify that user can download and read files",
              "fullTitle": "Upload Verify that user can download and read files",
              "timedOut": null,
              "duration": 744,
              "state": "passed",
              "speed": "fast",
              "pass": true,
              "fail": false,
              "pending": false,
              "context": null,
              "code": "cy.visit('/');\ncy.get('.nav-toggle > :nth-child(1)').click();\ncy.get('[data-testid=\"navbar-practice\"]').click();\ncy.get('[data-testid=\"practice-file-download\"]').click();\ncy.get(\"button\").contains(\"Download File\").click();\ncy.readFile(\"cypress/downloads/dummy_file.txt\").should('eq', \"This is a dummy text file.\");",
              "err": {},
              "uuid": "8d54f277-b558-4fd3-826f-578bda97864a",
              "parentUUID": "2dd47ffe-878a-4551-a96c-7aee4fc2cd0d",
              "isHook": false,
              "skipped": false
            },
            {
              "title": "Verify that user scroll",
              "fullTitle": "Upload Verify that user scroll",
              "timedOut": null,
              "duration": 10303,
              "state": "passed",
              "speed": "slow",
              "pass": true,
              "fail": false,
              "pending": false,
              "context": null,
              "code": "cy.visit('/');\ncy.pause();\ncy.scrollTo(0, 50); //Scoll 50 pixels from the top\ncy.get('[data-testid=\"add-a-product-button\"]').scrollIntoView({\n  duration: 10000\n});",
              "err": {},
              "uuid": "ebf5050a-0f9c-4a87-9249-952ea0222257",
              "parentUUID": "2dd47ffe-878a-4551-a96c-7aee4fc2cd0d",
              "isHook": false,
              "skipped": false
            }
          ],
          "suites": [],
          "passes": [
            "f80fc83e-360b-4755-a605-7d843500a6dd",
            "8d54f277-b558-4fd3-826f-578bda97864a",
            "ebf5050a-0f9c-4a87-9249-952ea0222257"
          ],
          "failures": [],
          "pending": [],
          "skipped": [],
          "duration": 12982,
          "root": false,
          "rootEmpty": false,
          "_timeout": 2000
        }
      ],
      "passes": [],
      "failures": [],
      "pending": [],
      "skipped": [],
      "duration": 0,
      "root": true,
      "rootEmpty": true,
      "_timeout": 2000
    }
  ],
  "meta": {
    "mocha": {
      "version": "7.0.1"
    },
    "mochawesome": {
      "options": {
        "quiet": false,
        "reportFilename": "mochawesome",
        "saveHtml": true,
        "saveJson": true,
        "consoleReporter": "spec",
        "useInlineDiffs": false,
        "code": true
      },
      "version": "7.1.3"
    },
    "marge": {
      "options": {
        "charts": true,
        "overwrite": true,
        "html": true,
        "json": true,
        "reportDir": "cypress/report"
      },
      "version": "6.2.0"
    }
  }
}